<?xml version="1.0" encoding="UTF-8"?>
<testng-results ignored="0" total="1" passed="1" failed="0" skipped="0">
  <reporter-output>
  </reporter-output>
  <suite started-at="2023-01-24T13:00:05 IST" name="Command line suite" finished-at="2023-01-24T13:00:30 IST" duration-ms="24959">
    <groups>
      <group name="cucumber">
        <method signature="AbstractTestNGCucumberTests.runScenario(io.cucumber.testng.PickleWrapper,io.cucumber.testng.FeatureWrapper)[pri:0, instance:testRunners.TestNGTestRunner@6b8ca3c8]" name="runScenario" class="io.cucumber.testng.AbstractTestNGCucumberTests"/>
      </group> <!-- cucumber -->
    </groups>
    <test started-at="2023-01-24T13:00:05 IST" name="Command line test" finished-at="2023-01-24T13:00:30 IST" duration-ms="24959">
      <class name="testRunners.TestNGTestRunner">
        <test-method is-config="true" signature="setUpClass(org.testng.ITestContext)[pri:0, instance:testRunners.TestNGTestRunner@6b8ca3c8]" started-at="2023-01-24T13:00:05 IST" name="setUpClass" finished-at="2023-01-24T13:00:06 IST" duration-ms="935" status="PASS">
          <params>
            <param index="0">
              <value>
                <![CDATA[org.testng.TestRunner@78ec89a6]]>
              </value>
            </param>
          </params>
          <reporter-output>
          </reporter-output>
        </test-method> <!-- setUpClass -->
        <test-method signature="runScenario(io.cucumber.testng.PickleWrapper,io.cucumber.testng.FeatureWrapper)[pri:0, instance:testRunners.TestNGTestRunner@6b8ca3c8]" started-at="2023-01-24T13:00:06 IST" name="runScenario" description="Runs Cucumber Scenarios" data-provider="scenarios" finished-at="2023-01-24T13:00:28 IST" duration-ms="21884" status="PASS">
          <params>
            <param index="0">
              <value>
                <![CDATA["Search experice for the product search in home and Offers Page"]]>
              </value>
            </param>
            <param index="1">
              <value>
                <![CDATA["Search and place order for Products"]]>
              </value>
            </param>
          </params>
          <reporter-output>
          </reporter-output>
        </test-method> <!-- runScenario -->
        <test-method is-config="true" signature="tearDownClass()[pri:0, instance:testRunners.TestNGTestRunner@6b8ca3c8]" started-at="2023-01-24T13:00:28 IST" name="tearDownClass" finished-at="2023-01-24T13:00:30 IST" duration-ms="2082" status="PASS">
          <reporter-output>
          </reporter-output>
        </test-method> <!-- tearDownClass -->
      </class> <!-- testRunners.TestNGTestRunner -->
    </test> <!-- Command line test -->
  </suite> <!-- Command line suite -->
</testng-results>
